<?xml version="1.0" encoding="UTF-8"?>
<!-- Generated by org.testng.reporters.JUnitXMLReporter -->
<testsuite ignored="0" hostname="DESKTOP-S8RM62I" failures="0" tests="5" name="Test" time="40.824" errors="0" timestamp="2025-06-30T23:49:52 IST">
  <testcase classname="testCases.TC003_LoginDDT" name="veriyf_loginDDT" time="1.806"/>
  <testcase classname="testCases.TC003_LoginDDT" name="veriyf_loginDDT" time="11.105"/>
  <testcase classname="testCases.TC003_LoginDDT" name="veriyf_loginDDT" time="11.189"/>
  <testcase classname="testCases.TC003_LoginDDT" name="veriyf_loginDDT" time="10.677"/>
  <testcase classname="testCases.TC003_LoginDDT" name="veriyf_loginDDT" time="1.672"/>
</testsuite> <!-- Test -->
