<?xml version="1.0" encoding="UTF-8"?>
<!-- Generated by org.testng.reporters.JUnitXMLReporter -->
<testsuite ignored="0" hostname="NIKHILDISHA" failures="0" tests="7" name="Test" time="51.617" errors="0" timestamp="2026-02-09T17:12:35 IST">
  <testcase classname="testCases.TC001_AccountRegistrationTest" name="verify_account_registration" time="1.823"/>
  <testcase classname="testCases.TC002_LoginTest" name="verify_login" time="1.247"/>
  <testcase classname="testCases.TC003_LoginDDT" name="veriyf_loginDDT" time="1.627"/>
  <testcase classname="testCases.TC003_LoginDDT" name="veriyf_loginDDT" time="10.478"/>
  <testcase classname="testCases.TC003_LoginDDT" name="veriyf_loginDDT" time="10.44"/>
  <testcase classname="testCases.TC003_LoginDDT" name="veriyf_loginDDT" time="10.434"/>
  <testcase classname="testCases.TC003_LoginDDT" name="veriyf_loginDDT" time="1.429"/>
</testsuite> <!-- Test -->
