<?xml version="1.0" encoding="UTF-8"?>
<!-- Generated by org.testng.reporters.JUnitXMLReporter -->
<testsuite ignored="0" hostname="NIKHILDISHA" failures="0" tests="7" name="Test" time="63.423" errors="0" timestamp="2026-02-10T12:00:14 IST">
  <testcase classname="testCases.TC001_AccountRegistrationTest" name="verify_account_registration" time="3.147"/>
  <testcase classname="testCases.TC002_LoginTest" name="verify_login" time="1.77"/>
  <testcase classname="testCases.TC003_LoginDDT" name="veriyf_loginDDT" time="2.314"/>
  <testcase classname="testCases.TC003_LoginDDT" name="veriyf_loginDDT" time="11.624"/>
  <testcase classname="testCases.TC003_LoginDDT" name="veriyf_loginDDT" time="10.824"/>
  <testcase classname="testCases.TC003_LoginDDT" name="veriyf_loginDDT" time="11.574"/>
  <testcase classname="testCases.TC003_LoginDDT" name="veriyf_loginDDT" time="2.122"/>
</testsuite> <!-- Test -->
