<?xml version="1.0" encoding="UTF-8"?>
<!-- Generated by org.testng.reporters.JUnitXMLReporter -->
<testsuite ignored="0" hostname="NIKHILDISHA" failures="0" tests="7" name="Test" time="484.195" errors="0" timestamp="2026-02-10T23:27:25 IST">
  <testcase classname="testCases.TC001_AccountRegistrationTest" name="verify_account_registration" time="213.932"/>
  <testcase classname="testCases.TC002_LoginTest" name="verify_login" time="50.106"/>
  <testcase classname="testCases.TC003_LoginDDT" name="veriyf_loginDDT" time="10.66"/>
  <testcase classname="testCases.TC003_LoginDDT" name="veriyf_loginDDT" time="18.588"/>
  <testcase classname="testCases.TC003_LoginDDT" name="veriyf_loginDDT" time="21.701"/>
  <testcase classname="testCases.TC003_LoginDDT" name="veriyf_loginDDT" time="14.623"/>
  <testcase classname="testCases.TC003_LoginDDT" name="veriyf_loginDDT" time="4.047"/>
</testsuite> <!-- Test -->
