<?xml version="1.0" encoding="UTF-8"?>
<testng-results ignored="0" total="5" passed="5" failed="0" skipped="0">
  <reporter-output>
  </reporter-output>
  <suite started-at="2025-06-30T23:49:11 IST" name="Master Suite" finished-at="2025-06-30T23:49:52 IST" duration-ms="40824">
    <groups>
    </groups>
    <test started-at="2025-06-30T23:49:11 IST" name="Test" finished-at="2025-06-30T23:49:52 IST" duration-ms="40824">
      <class name="testCases.TC003_LoginDDT">
        <test-method is-config="true" signature="setup(java.lang.String,java.lang.String)[pri:0, instance:testCases.TC003_LoginDDT@53dbe163]" started-at="2025-06-30T23:49:11 IST" name="setup" finished-at="2025-06-30T23:49:14 IST" duration-ms="2971" status="PASS">
          <params>
            <param index="0">
              <value>
                <![CDATA[Windows]]>
              </value>
            </param>
            <param index="1">
              <value>
                <![CDATA[chrome]]>
              </value>
            </param>
          </params>
          <reporter-output>
          </reporter-output>
        </test-method> <!-- setup -->
        <test-method signature="veriyf_loginDDT(java.lang.String,java.lang.String,java.lang.String)[pri:0, instance:testCases.TC003_LoginDDT@53dbe163]" started-at="2025-06-30T23:49:15 IST" name="veriyf_loginDDT" data-provider="LoginData" finished-at="2025-06-30T23:49:17 IST" duration-ms="1806" status="PASS">
          <params>
            <param index="0">
              <value>
                <![CDATA[TOTURIALNINJA@MAIL.COM]]>
              </value>
            </param>
            <param index="1">
              <value>
                <![CDATA[Tninja@#25test]]>
              </value>
            </param>
            <param index="2">
              <value>
                <![CDATA[Valid]]>
              </value>
            </param>
          </params>
          <reporter-output>
          </reporter-output>
        </test-method> <!-- veriyf_loginDDT -->
        <test-method signature="veriyf_loginDDT(java.lang.String,java.lang.String,java.lang.String)[pri:0, instance:testCases.TC003_LoginDDT@53dbe163]" started-at="2025-06-30T23:49:17 IST" name="veriyf_loginDDT" data-provider="LoginData" finished-at="2025-06-30T23:49:28 IST" duration-ms="11105" status="PASS">
          <params>
            <param index="0">
              <value>
                <![CDATA[ramnam@yahoo.com]]>
              </value>
            </param>
            <param index="1">
              <value>
                <![CDATA[Laxmiii]]>
              </value>
            </param>
            <param index="2">
              <value>
                <![CDATA[Invalid]]>
              </value>
            </param>
          </params>
          <reporter-output>
          </reporter-output>
        </test-method> <!-- veriyf_loginDDT -->
        <test-method signature="veriyf_loginDDT(java.lang.String,java.lang.String,java.lang.String)[pri:0, instance:testCases.TC003_LoginDDT@53dbe163]" started-at="2025-06-30T23:49:28 IST" name="veriyf_loginDDT" data-provider="LoginData" finished-at="2025-06-30T23:49:39 IST" duration-ms="11189" status="PASS">
          <params>
            <param index="0">
              <value>
                <![CDATA[11ramnam@yahoo.com]]>
              </value>
            </param>
            <param index="1">
              <value>
                <![CDATA[Laxmiii00]]>
              </value>
            </param>
            <param index="2">
              <value>
                <![CDATA[Invalid]]>
              </value>
            </param>
          </params>
          <reporter-output>
          </reporter-output>
        </test-method> <!-- veriyf_loginDDT -->
        <test-method signature="veriyf_loginDDT(java.lang.String,java.lang.String,java.lang.String)[pri:0, instance:testCases.TC003_LoginDDT@53dbe163]" started-at="2025-06-30T23:49:40 IST" name="veriyf_loginDDT" data-provider="LoginData" finished-at="2025-06-30T23:49:50 IST" duration-ms="10677" status="PASS">
          <params>
            <param index="0">
              <value>
                <![CDATA[00ramnam@yahoo.com]]>
              </value>
            </param>
            <param index="1">
              <value>
                <![CDATA[Laxmiii0034]]>
              </value>
            </param>
            <param index="2">
              <value>
                <![CDATA[Invalid]]>
              </value>
            </param>
          </params>
          <reporter-output>
          </reporter-output>
        </test-method> <!-- veriyf_loginDDT -->
        <test-method signature="veriyf_loginDDT(java.lang.String,java.lang.String,java.lang.String)[pri:0, instance:testCases.TC003_LoginDDT@53dbe163]" started-at="2025-06-30T23:49:50 IST" name="veriyf_loginDDT" data-provider="LoginData" finished-at="2025-06-30T23:49:52 IST" duration-ms="1672" status="PASS">
          <params>
            <param index="0">
              <value>
                <![CDATA[abc123@gmail.com]]>
              </value>
            </param>
            <param index="1">
              <value>
                <![CDATA[test@123]]>
              </value>
            </param>
            <param index="2">
              <value>
                <![CDATA[Valid]]>
              </value>
            </param>
          </params>
          <reporter-output>
          </reporter-output>
        </test-method> <!-- veriyf_loginDDT -->
        <test-method is-config="true" signature="tearDown()[pri:0, instance:testCases.TC003_LoginDDT@53dbe163]" started-at="2025-06-30T23:49:52 IST" name="tearDown" finished-at="2025-06-30T23:49:52 IST" duration-ms="192" status="PASS">
          <reporter-output>
          </reporter-output>
        </test-method> <!-- tearDown -->
      </class> <!-- testCases.TC003_LoginDDT -->
    </test> <!-- Test -->
  </suite> <!-- Master Suite -->
</testng-results>
