<?xml version="1.0" encoding="UTF-8"?>
<!-- Generated by org.testng.reporters.JUnitReportReporter -->
<testsuite hostname="NIKHILDISHA" failures="0" tests="5" name="testCases.TC003_LoginDDT" time="38.458" errors="0" timestamp="2026-02-10T12:00:15 IST" skipped="0">
  <testcase classname="testCases.TC003_LoginDDT" name="veriyf_loginDDT" time="11.574"/>
  <testcase classname="testCases.TC003_LoginDDT" name="veriyf_loginDDT" time="10.824"/>
  <testcase classname="testCases.TC003_LoginDDT" name="veriyf_loginDDT" time="2.122"/>
  <testcase classname="testCases.TC003_LoginDDT" name="veriyf_loginDDT" time="2.314"/>
  <testcase classname="testCases.TC003_LoginDDT" name="veriyf_loginDDT" time="11.624"/>
</testsuite> <!-- testCases.TC003_LoginDDT -->
